Array
(
    [cart] => Array
        (
            [0] => Array
                (
                    [id] => 35
                    [label] => Miasteczko Salem
                    [author] => Stephen King
                    [price] => 40
                    [image] => Universal/miasteczko-salem-stephen-king.jpg
                    [genre] => Horror
                    [stock] => 10
                    [amount] => 1
                )

        )

)
Array
(
    [cart] => Array
        (
            [0] => Array
                (
                    [id] => 35
                    [label] => Miasteczko Salem
                    [author] => Stephen King
                    [price] => 40
                    [image] => Universal/miasteczko-salem-stephen-king.jpg
                    [genre] => Horror
                    [stock] => 10
                    [amount] => 2
                )

        )

)
Array
(
    [cart] => Array
        (
            [0] => Array
                (
                    [id] => 35
                    [label] => Miasteczko Salem
                    [author] => Stephen King
                    [price] => 40
                    [image] => Universal/miasteczko-salem-stephen-king.jpg
                    [genre] => Horror
                    [stock] => 10
                    [amount] => 2
                )

            [1] => Array
                (
                    [id] => 33
                    [label] => Lśnienie
                    [author] => Stephen King
                    [price] => 100
                    [image] => Universal/lsnienie-stephen-king.jpg
                    [genre] => Horror
                    [stock] => 5
                    [amount] => 1
                )

        )

)
